<?xml version="1.0" encoding="UTF-8"?>
<!-- Generated by org.testng.reporters.JUnitReportReporter -->
<testsuite hostname="LAPTOP-RK93O4LE" failures="0" tests="1" name="qsp.Demo1" time="0.018" errors="0" timestamp="2023-01-13T12:16:34 IST" skipped="0">
  <testcase classname="qsp.Demo1" name="testDemo" time="0.018"/>
  <system-out>
    <![CDATA[Welcome to testing ]]>
  </system-out>
</testsuite> <!-- qsp.Demo1 -->
